2025-08-23 16:48:22.136 +01:00 [WRN] The property 'ConnectorConfiguration.Settings' is a collection or enumeration type with a value converter but with no value comparer. Set a value comparer to ensure the collection/enumeration elements are compared correctly.
2025-08-23 16:48:22.169 +01:00 [WRN] The property 'Company.ExternalRefs' is a collection or enumeration type with a value converter but with no value comparer. Set a value comparer to ensure the collection/enumeration elements are compared correctly.
2025-08-23 16:48:22.169 +01:00 [WRN] The property 'Company.Tags' is a collection or enumeration type with a value converter but with no value comparer. Set a value comparer to ensure the collection/enumeration elements are compared correctly.
2025-08-23 16:48:22.169 +01:00 [WRN] The property 'Machine.CurrentMetrics' is a collection or enumeration type with a value converter but with no value comparer. Set a value comparer to ensure the collection/enumeration elements are compared correctly.
2025-08-23 16:48:22.169 +01:00 [WRN] The property 'Machine.ExternalRefs' is a collection or enumeration type with a value converter but with no value comparer. Set a value comparer to ensure the collection/enumeration elements are compared correctly.
2025-08-23 16:48:22.170 +01:00 [WRN] The property 'Machine.Tags' is a collection or enumeration type with a value converter but with no value comparer. Set a value comparer to ensure the collection/enumeration elements are compared correctly.
2025-08-23 16:48:22.170 +01:00 [WRN] The property 'Product.Attributes' is a collection or enumeration type with a value converter but with no value comparer. Set a value comparer to ensure the collection/enumeration elements are compared correctly.
2025-08-23 16:48:22.170 +01:00 [WRN] The property 'Product.ExternalRefs' is a collection or enumeration type with a value converter but with no value comparer. Set a value comparer to ensure the collection/enumeration elements are compared correctly.
2025-08-23 16:48:22.173 +01:00 [WRN] The property 'Product.Tags' is a collection or enumeration type with a value converter but with no value comparer. Set a value comparer to ensure the collection/enumeration elements are compared correctly.
2025-08-23 16:48:22.173 +01:00 [WRN] The property 'Site.ExternalRefs' is a collection or enumeration type with a value converter but with no value comparer. Set a value comparer to ensure the collection/enumeration elements are compared correctly.
2025-08-23 16:48:22.173 +01:00 [WRN] The property 'Site.Tags' is a collection or enumeration type with a value converter but with no value comparer. Set a value comparer to ensure the collection/enumeration elements are compared correctly.
2025-08-23 16:48:22.301 +01:00 [INF] Executed DbCommand (7ms) [Parameters=[], CommandType='"Text"', CommandTimeout='30']
SELECT COUNT(*) FROM "sqlite_master" WHERE "type" = 'table' AND "rootpage" IS NOT NULL;
2025-08-23 16:48:22.422 +01:00 [INF] Executed DbCommand (0ms) [Parameters=[], CommandType='"Text"', CommandTimeout='30']
SELECT EXISTS (
    SELECT 1
    FROM "Companies" AS "c")
2025-08-23 16:48:22.426 +01:00 [INF] Starting MAK3R API
2025-08-23 16:48:22.438 +01:00 [INF] User profile is available. Using 'C:\Users\revanur\AppData\Local\ASP.NET\DataProtection-Keys' as key repository and Windows DPAPI to encrypt keys at rest.
2025-08-23 16:48:22.455 +01:00 [INF] Connector hosted service started
2025-08-23 16:48:22.560 +01:00 [ERR] Hosting failed to start
System.IO.IOException: Failed to bind to address http://127.0.0.1:5137: address already in use.
 ---> Microsoft.AspNetCore.Connections.AddressInUseException: Only one usage of each socket address (protocol/network address/port) is normally permitted.
 ---> System.Net.Sockets.SocketException (10048): Only one usage of each socket address (protocol/network address/port) is normally permitted.
   at System.Net.Sockets.Socket.UpdateStatusAfterSocketErrorAndThrowException(SocketError error, Boolean disconnectOnFailure, String callerName)
   at System.Net.Sockets.Socket.DoBind(EndPoint endPointSnapshot, SocketAddress socketAddress)
   at System.Net.Sockets.Socket.Bind(EndPoint localEP)
   at Microsoft.AspNetCore.Server.Kestrel.Transport.Sockets.SocketTransportOptions.CreateDefaultBoundListenSocket(EndPoint endpoint)
   at Microsoft.AspNetCore.Server.Kestrel.Transport.Sockets.SocketConnectionListener.Bind()
   --- End of inner exception stack trace ---
   at Microsoft.AspNetCore.Server.Kestrel.Transport.Sockets.SocketConnectionListener.Bind()
   at Microsoft.AspNetCore.Server.Kestrel.Transport.Sockets.SocketTransportFactory.BindAsync(EndPoint endpoint, CancellationToken cancellationToken)
   at Microsoft.AspNetCore.Server.Kestrel.Core.Internal.Infrastructure.TransportManager.BindAsync(EndPoint endPoint, ConnectionDelegate connectionDelegate, EndpointConfig endpointConfig, CancellationToken cancellationToken)
   at Microsoft.AspNetCore.Server.Kestrel.Core.KestrelServerImpl.<>c__DisplayClass28_0`1.<<StartAsync>g__OnBind|0>d.MoveNext()
--- End of stack trace from previous location ---
   at Microsoft.AspNetCore.Server.Kestrel.Core.Internal.AddressBinder.BindEndpointAsync(ListenOptions endpoint, AddressBindContext context, CancellationToken cancellationToken)
   --- End of inner exception stack trace ---
   at Microsoft.AspNetCore.Server.Kestrel.Core.Internal.AddressBinder.BindEndpointAsync(ListenOptions endpoint, AddressBindContext context, CancellationToken cancellationToken)
   at Microsoft.AspNetCore.Server.Kestrel.Core.LocalhostListenOptions.BindAsync(AddressBindContext context, CancellationToken cancellationToken)
   at Microsoft.AspNetCore.Server.Kestrel.Core.Internal.AddressBinder.AddressesStrategy.BindAsync(AddressBindContext context, CancellationToken cancellationToken)
   at Microsoft.AspNetCore.Server.Kestrel.Core.Internal.AddressBinder.BindAsync(ListenOptions[] listenOptions, AddressBindContext context, Func`2 useHttps, CancellationToken cancellationToken)
   at Microsoft.AspNetCore.Server.Kestrel.Core.KestrelServerImpl.BindAsync(CancellationToken cancellationToken)
   at Microsoft.AspNetCore.Server.Kestrel.Core.KestrelServerImpl.StartAsync[TContext](IHttpApplication`1 application, CancellationToken cancellationToken)
   at Microsoft.AspNetCore.Hosting.GenericWebHostService.StartAsync(CancellationToken cancellationToken)
   at Microsoft.Extensions.Hosting.Internal.Host.<StartAsync>b__15_1(IHostedService service, CancellationToken token)
   at Microsoft.Extensions.Hosting.Internal.Host.ForeachService[T](IEnumerable`1 services, CancellationToken token, Boolean concurrent, Boolean abortOnFirstException, List`1 exceptions, Func`3 operation)
2025-08-23 16:51:46.008 +01:00 [WRN] The property 'ConnectorConfiguration.Settings' is a collection or enumeration type with a value converter but with no value comparer. Set a value comparer to ensure the collection/enumeration elements are compared correctly.
2025-08-23 16:51:46.038 +01:00 [WRN] The property 'Company.ExternalRefs' is a collection or enumeration type with a value converter but with no value comparer. Set a value comparer to ensure the collection/enumeration elements are compared correctly.
2025-08-23 16:51:46.038 +01:00 [WRN] The property 'Company.Tags' is a collection or enumeration type with a value converter but with no value comparer. Set a value comparer to ensure the collection/enumeration elements are compared correctly.
2025-08-23 16:51:46.039 +01:00 [WRN] The property 'Machine.CurrentMetrics' is a collection or enumeration type with a value converter but with no value comparer. Set a value comparer to ensure the collection/enumeration elements are compared correctly.
2025-08-23 16:51:46.039 +01:00 [WRN] The property 'Machine.ExternalRefs' is a collection or enumeration type with a value converter but with no value comparer. Set a value comparer to ensure the collection/enumeration elements are compared correctly.
2025-08-23 16:51:46.039 +01:00 [WRN] The property 'Machine.Tags' is a collection or enumeration type with a value converter but with no value comparer. Set a value comparer to ensure the collection/enumeration elements are compared correctly.
2025-08-23 16:51:46.040 +01:00 [WRN] The property 'Product.Attributes' is a collection or enumeration type with a value converter but with no value comparer. Set a value comparer to ensure the collection/enumeration elements are compared correctly.
2025-08-23 16:51:46.040 +01:00 [WRN] The property 'Product.ExternalRefs' is a collection or enumeration type with a value converter but with no value comparer. Set a value comparer to ensure the collection/enumeration elements are compared correctly.
2025-08-23 16:51:46.043 +01:00 [WRN] The property 'Product.Tags' is a collection or enumeration type with a value converter but with no value comparer. Set a value comparer to ensure the collection/enumeration elements are compared correctly.
2025-08-23 16:51:46.043 +01:00 [WRN] The property 'Site.ExternalRefs' is a collection or enumeration type with a value converter but with no value comparer. Set a value comparer to ensure the collection/enumeration elements are compared correctly.
2025-08-23 16:51:46.043 +01:00 [WRN] The property 'Site.Tags' is a collection or enumeration type with a value converter but with no value comparer. Set a value comparer to ensure the collection/enumeration elements are compared correctly.
2025-08-23 16:51:46.178 +01:00 [INF] Executed DbCommand (14ms) [Parameters=[], CommandType='"Text"', CommandTimeout='30']
SELECT COUNT(*) FROM "sqlite_master" WHERE "type" = 'table' AND "rootpage" IS NOT NULL;
2025-08-23 16:51:46.293 +01:00 [INF] Executed DbCommand (0ms) [Parameters=[], CommandType='"Text"', CommandTimeout='30']
SELECT EXISTS (
    SELECT 1
    FROM "Companies" AS "c")
2025-08-23 16:51:46.297 +01:00 [INF] Starting MAK3R API
2025-08-23 16:51:46.309 +01:00 [INF] User profile is available. Using 'C:\Users\revanur\AppData\Local\ASP.NET\DataProtection-Keys' as key repository and Windows DPAPI to encrypt keys at rest.
2025-08-23 16:51:46.324 +01:00 [INF] Connector hosted service started
2025-08-23 16:51:46.421 +01:00 [INF] Now listening on: http://localhost:5137
2025-08-23 16:51:46.421 +01:00 [INF] Application started. Press Ctrl+C to shut down.
2025-08-23 16:51:46.421 +01:00 [INF] Hosting environment: Development
2025-08-23 16:51:46.422 +01:00 [INF] Content root path: C:\code\MAK3R-Cluster\services\MAK3R.Api
2025-08-23 17:10:46.211 +01:00 [INF] Request starting HTTP/1.1 GET http://localhost:5137/api/health - null null
2025-08-23 17:10:46.298 +01:00 [INF] Executing endpoint 'HTTP: GET /api/health'
2025-08-23 17:10:46.302 +01:00 [INF] Setting HTTP status code 200.
2025-08-23 17:10:46.308 +01:00 [INF] Writing value of type '<>f__AnonymousType2`2' as Json.
2025-08-23 17:10:46.311 +01:00 [INF] Executed endpoint 'HTTP: GET /api/health'
2025-08-23 17:10:46.311 +01:00 [INF] Request finished HTTP/1.1 GET http://localhost:5137/api/health - 200 null application/json; charset=utf-8 101.7305ms
2025-08-23 17:10:51.070 +01:00 [INF] Request starting HTTP/1.1 GET http://localhost:5137/api/health - null null
2025-08-23 17:10:51.072 +01:00 [INF] Executing endpoint 'HTTP: GET /api/health'
2025-08-23 17:10:51.072 +01:00 [INF] Setting HTTP status code 200.
2025-08-23 17:10:51.072 +01:00 [INF] Writing value of type '<>f__AnonymousType2`2' as Json.
2025-08-23 17:10:51.073 +01:00 [INF] Executed endpoint 'HTTP: GET /api/health'
2025-08-23 17:10:51.073 +01:00 [INF] Request finished HTTP/1.1 GET http://localhost:5137/api/health - 200 null application/json; charset=utf-8 2.6868ms
2025-08-23 17:10:57.330 +01:00 [INF] Request starting HTTP/1.1 GET http://localhost:5137/api/connectors/types - null null
2025-08-23 17:10:57.332 +01:00 [INF] Executing endpoint 'HTTP: GET /api/connectors/types'
2025-08-23 17:10:57.334 +01:00 [INF] Setting HTTP status code 200.
2025-08-23 17:10:57.335 +01:00 [INF] Writing value of type 'List`1' as Json.
2025-08-23 17:10:57.335 +01:00 [INF] Executed endpoint 'HTTP: GET /api/connectors/types'
2025-08-23 17:10:57.335 +01:00 [INF] Request finished HTTP/1.1 GET http://localhost:5137/api/connectors/types - 200 null application/json; charset=utf-8 4.7441ms
2025-08-23 17:11:09.379 +01:00 [INF] Request starting HTTP/1.1 GET http://localhost:5137/api/connectors/instances - null null
2025-08-23 17:11:09.380 +01:00 [INF] Executing endpoint 'HTTP: GET /api/connectors/instances'
2025-08-23 17:11:09.381 +01:00 [INF] Setting HTTP status code 200.
2025-08-23 17:11:09.381 +01:00 [INF] Writing value of type 'EmptyPartition`1' as Json.
2025-08-23 17:11:09.385 +01:00 [INF] Executed endpoint 'HTTP: GET /api/connectors/instances'
2025-08-23 17:11:09.385 +01:00 [INF] Request finished HTTP/1.1 GET http://localhost:5137/api/connectors/instances - 200 null application/json; charset=utf-8 5.6247ms
