2025-08-23 14:55:21.867 +01:00 [WRN] The property 'ConnectorConfiguration.Settings' is a collection or enumeration type with a value converter but with no value comparer. Set a value comparer to ensure the collection/enumeration elements are compared correctly.
2025-08-23 14:55:21.898 +01:00 [WRN] The property 'Company.ExternalRefs' is a collection or enumeration type with a value converter but with no value comparer. Set a value comparer to ensure the collection/enumeration elements are compared correctly.
2025-08-23 14:55:21.898 +01:00 [WRN] The property 'Company.Tags' is a collection or enumeration type with a value converter but with no value comparer. Set a value comparer to ensure the collection/enumeration elements are compared correctly.
2025-08-23 14:55:21.899 +01:00 [WRN] The property 'Machine.CurrentMetrics' is a collection or enumeration type with a value converter but with no value comparer. Set a value comparer to ensure the collection/enumeration elements are compared correctly.
2025-08-23 14:55:21.899 +01:00 [WRN] The property 'Machine.ExternalRefs' is a collection or enumeration type with a value converter but with no value comparer. Set a value comparer to ensure the collection/enumeration elements are compared correctly.
2025-08-23 14:55:21.899 +01:00 [WRN] The property 'Machine.Tags' is a collection or enumeration type with a value converter but with no value comparer. Set a value comparer to ensure the collection/enumeration elements are compared correctly.
2025-08-23 14:55:21.899 +01:00 [WRN] The property 'Product.Attributes' is a collection or enumeration type with a value converter but with no value comparer. Set a value comparer to ensure the collection/enumeration elements are compared correctly.
2025-08-23 14:55:21.899 +01:00 [WRN] The property 'Product.ExternalRefs' is a collection or enumeration type with a value converter but with no value comparer. Set a value comparer to ensure the collection/enumeration elements are compared correctly.
2025-08-23 14:55:21.902 +01:00 [WRN] The property 'Product.Tags' is a collection or enumeration type with a value converter but with no value comparer. Set a value comparer to ensure the collection/enumeration elements are compared correctly.
2025-08-23 14:55:21.902 +01:00 [WRN] The property 'Site.ExternalRefs' is a collection or enumeration type with a value converter but with no value comparer. Set a value comparer to ensure the collection/enumeration elements are compared correctly.
2025-08-23 14:55:21.902 +01:00 [WRN] The property 'Site.Tags' is a collection or enumeration type with a value converter but with no value comparer. Set a value comparer to ensure the collection/enumeration elements are compared correctly.
2025-08-23 14:55:22.040 +01:00 [INF] Executed DbCommand (22ms) [Parameters=[], CommandType='"Text"', CommandTimeout='30']
PRAGMA journal_mode = 'wal';
2025-08-23 14:55:22.068 +01:00 [WRN] The property 'ConnectorConfiguration.Settings' is a collection or enumeration type with a value converter but with no value comparer. Set a value comparer to ensure the collection/enumeration elements are compared correctly.
2025-08-23 14:55:22.068 +01:00 [WRN] The property 'Company.ExternalRefs' is a collection or enumeration type with a value converter but with no value comparer. Set a value comparer to ensure the collection/enumeration elements are compared correctly.
2025-08-23 14:55:22.069 +01:00 [WRN] The property 'Company.Tags' is a collection or enumeration type with a value converter but with no value comparer. Set a value comparer to ensure the collection/enumeration elements are compared correctly.
2025-08-23 14:55:22.069 +01:00 [WRN] The property 'Machine.CurrentMetrics' is a collection or enumeration type with a value converter but with no value comparer. Set a value comparer to ensure the collection/enumeration elements are compared correctly.
2025-08-23 14:55:22.069 +01:00 [WRN] The property 'Machine.ExternalRefs' is a collection or enumeration type with a value converter but with no value comparer. Set a value comparer to ensure the collection/enumeration elements are compared correctly.
2025-08-23 14:55:22.069 +01:00 [WRN] The property 'Machine.Tags' is a collection or enumeration type with a value converter but with no value comparer. Set a value comparer to ensure the collection/enumeration elements are compared correctly.
2025-08-23 14:55:22.069 +01:00 [WRN] The property 'Product.Attributes' is a collection or enumeration type with a value converter but with no value comparer. Set a value comparer to ensure the collection/enumeration elements are compared correctly.
2025-08-23 14:55:22.069 +01:00 [WRN] The property 'Product.ExternalRefs' is a collection or enumeration type with a value converter but with no value comparer. Set a value comparer to ensure the collection/enumeration elements are compared correctly.
2025-08-23 14:55:22.069 +01:00 [WRN] The property 'Product.Tags' is a collection or enumeration type with a value converter but with no value comparer. Set a value comparer to ensure the collection/enumeration elements are compared correctly.
2025-08-23 14:55:22.069 +01:00 [WRN] The property 'Site.ExternalRefs' is a collection or enumeration type with a value converter but with no value comparer. Set a value comparer to ensure the collection/enumeration elements are compared correctly.
2025-08-23 14:55:22.069 +01:00 [WRN] The property 'Site.Tags' is a collection or enumeration type with a value converter but with no value comparer. Set a value comparer to ensure the collection/enumeration elements are compared correctly.
2025-08-23 14:55:22.133 +01:00 [INF] Executed DbCommand (1ms) [Parameters=[], CommandType='"Text"', CommandTimeout='30']
CREATE TABLE "AspNetRoles" (
    "Id" TEXT NOT NULL CONSTRAINT "PK_AspNetRoles" PRIMARY KEY,
    "Name" TEXT NULL,
    "NormalizedName" TEXT NULL,
    "ConcurrencyStamp" TEXT NULL
);
2025-08-23 14:55:22.134 +01:00 [INF] Executed DbCommand (0ms) [Parameters=[], CommandType='"Text"', CommandTimeout='30']
CREATE TABLE "AspNetUsers" (
    "Id" TEXT NOT NULL CONSTRAINT "PK_AspNetUsers" PRIMARY KEY,
    "UserName" TEXT NULL,
    "NormalizedUserName" TEXT NULL,
    "Email" TEXT NULL,
    "NormalizedEmail" TEXT NULL,
    "EmailConfirmed" INTEGER NOT NULL,
    "PasswordHash" TEXT NULL,
    "SecurityStamp" TEXT NULL,
    "ConcurrencyStamp" TEXT NULL,
    "PhoneNumber" TEXT NULL,
    "PhoneNumberConfirmed" INTEGER NOT NULL,
    "TwoFactorEnabled" INTEGER NOT NULL,
    "LockoutEnd" TEXT NULL,
    "LockoutEnabled" INTEGER NOT NULL,
    "AccessFailedCount" INTEGER NOT NULL
);
2025-08-23 14:55:22.134 +01:00 [INF] Executed DbCommand (0ms) [Parameters=[], CommandType='"Text"', CommandTimeout='30']
CREATE TABLE "Companies" (
    "Id" TEXT NOT NULL CONSTRAINT "PK_Companies" PRIMARY KEY,
    "Name" TEXT NOT NULL,
    "RegistrationId" TEXT NULL,
    "TaxId" TEXT NULL,
    "Industry" TEXT NULL,
    "Website" TEXT NULL,
    "Address" TEXT NULL,
    "ExternalRefs" TEXT NOT NULL,
    "Version" INTEGER NOT NULL,
    "Tags" TEXT NOT NULL,
    "CreatedUtc" TEXT NOT NULL,
    "UpdatedUtc" TEXT NOT NULL
);
2025-08-23 14:55:22.135 +01:00 [INF] Executed DbCommand (0ms) [Parameters=[], CommandType='"Text"', CommandTimeout='30']
CREATE TABLE "ConnectorConfigurations" (
    "ConnectorId" TEXT NOT NULL CONSTRAINT "PK_ConnectorConfigurations" PRIMARY KEY,
    "Type" INTEGER NOT NULL,
    "Settings" TEXT NOT NULL,
    "IsEnabled" INTEGER NOT NULL
);
2025-08-23 14:55:22.135 +01:00 [INF] Executed DbCommand (0ms) [Parameters=[], CommandType='"Text"', CommandTimeout='30']
CREATE TABLE "AspNetRoleClaims" (
    "Id" INTEGER NOT NULL CONSTRAINT "PK_AspNetRoleClaims" PRIMARY KEY AUTOINCREMENT,
    "RoleId" TEXT NOT NULL,
    "ClaimType" TEXT NULL,
    "ClaimValue" TEXT NULL,
    CONSTRAINT "FK_AspNetRoleClaims_AspNetRoles_RoleId" FOREIGN KEY ("RoleId") REFERENCES "AspNetRoles" ("Id") ON DELETE CASCADE
);
2025-08-23 14:55:22.135 +01:00 [INF] Executed DbCommand (0ms) [Parameters=[], CommandType='"Text"', CommandTimeout='30']
CREATE TABLE "AspNetUserClaims" (
    "Id" INTEGER NOT NULL CONSTRAINT "PK_AspNetUserClaims" PRIMARY KEY AUTOINCREMENT,
    "UserId" TEXT NOT NULL,
    "ClaimType" TEXT NULL,
    "ClaimValue" TEXT NULL,
    CONSTRAINT "FK_AspNetUserClaims_AspNetUsers_UserId" FOREIGN KEY ("UserId") REFERENCES "AspNetUsers" ("Id") ON DELETE CASCADE
);
2025-08-23 14:55:22.135 +01:00 [INF] Executed DbCommand (0ms) [Parameters=[], CommandType='"Text"', CommandTimeout='30']
CREATE TABLE "AspNetUserLogins" (
    "LoginProvider" TEXT NOT NULL,
    "ProviderKey" TEXT NOT NULL,
    "ProviderDisplayName" TEXT NULL,
    "UserId" TEXT NOT NULL,
    CONSTRAINT "PK_AspNetUserLogins" PRIMARY KEY ("LoginProvider", "ProviderKey"),
    CONSTRAINT "FK_AspNetUserLogins_AspNetUsers_UserId" FOREIGN KEY ("UserId") REFERENCES "AspNetUsers" ("Id") ON DELETE CASCADE
);
2025-08-23 14:55:22.135 +01:00 [INF] Executed DbCommand (0ms) [Parameters=[], CommandType='"Text"', CommandTimeout='30']
CREATE TABLE "AspNetUserRoles" (
    "UserId" TEXT NOT NULL,
    "RoleId" TEXT NOT NULL,
    CONSTRAINT "PK_AspNetUserRoles" PRIMARY KEY ("UserId", "RoleId"),
    CONSTRAINT "FK_AspNetUserRoles_AspNetRoles_RoleId" FOREIGN KEY ("RoleId") REFERENCES "AspNetRoles" ("Id") ON DELETE CASCADE,
    CONSTRAINT "FK_AspNetUserRoles_AspNetUsers_UserId" FOREIGN KEY ("UserId") REFERENCES "AspNetUsers" ("Id") ON DELETE CASCADE
);
2025-08-23 14:55:22.135 +01:00 [INF] Executed DbCommand (0ms) [Parameters=[], CommandType='"Text"', CommandTimeout='30']
CREATE TABLE "AspNetUserTokens" (
    "UserId" TEXT NOT NULL,
    "LoginProvider" TEXT NOT NULL,
    "Name" TEXT NOT NULL,
    "Value" TEXT NULL,
    CONSTRAINT "PK_AspNetUserTokens" PRIMARY KEY ("UserId", "LoginProvider", "Name"),
    CONSTRAINT "FK_AspNetUserTokens_AspNetUsers_UserId" FOREIGN KEY ("UserId") REFERENCES "AspNetUsers" ("Id") ON DELETE CASCADE
);
2025-08-23 14:55:22.135 +01:00 [INF] Executed DbCommand (0ms) [Parameters=[], CommandType='"Text"', CommandTimeout='30']
CREATE TABLE "Products" (
    "Id" TEXT NOT NULL CONSTRAINT "PK_Products" PRIMARY KEY,
    "Name" TEXT NOT NULL,
    "CompanyId" TEXT NOT NULL,
    "Sku" TEXT NULL,
    "Price" TEXT NULL,
    "Currency" TEXT NULL,
    "Description" TEXT NULL,
    "Category" TEXT NULL,
    "ImageUrl" TEXT NULL,
    "Manufacturer" TEXT NULL,
    "IsActive" INTEGER NOT NULL,
    "Attributes" TEXT NOT NULL,
    "ExternalRefs" TEXT NOT NULL,
    "Version" INTEGER NOT NULL,
    "Tags" TEXT NOT NULL,
    "CreatedUtc" TEXT NOT NULL,
    "UpdatedUtc" TEXT NOT NULL,
    CONSTRAINT "FK_Products_Companies_CompanyId" FOREIGN KEY ("CompanyId") REFERENCES "Companies" ("Id") ON DELETE CASCADE
);
2025-08-23 14:55:22.135 +01:00 [INF] Executed DbCommand (0ms) [Parameters=[], CommandType='"Text"', CommandTimeout='30']
CREATE TABLE "Sites" (
    "Id" TEXT NOT NULL CONSTRAINT "PK_Sites" PRIMARY KEY,
    "Name" TEXT NOT NULL,
    "CompanyId" TEXT NOT NULL,
    "Address" TEXT NULL,
    "City" TEXT NULL,
    "Country" TEXT NULL,
    "Description" TEXT NULL,
    "ExternalRefs" TEXT NOT NULL,
    "Version" INTEGER NOT NULL,
    "Tags" TEXT NOT NULL,
    "CreatedUtc" TEXT NOT NULL,
    "UpdatedUtc" TEXT NOT NULL,
    CONSTRAINT "FK_Sites_Companies_CompanyId" FOREIGN KEY ("CompanyId") REFERENCES "Companies" ("Id") ON DELETE CASCADE
);
2025-08-23 14:55:22.135 +01:00 [INF] Executed DbCommand (0ms) [Parameters=[], CommandType='"Text"', CommandTimeout='30']
CREATE TABLE "Machines" (
    "Id" TEXT NOT NULL CONSTRAINT "PK_Machines" PRIMARY KEY,
    "Name" TEXT NOT NULL,
    "SiteId" TEXT NOT NULL,
    "Make" TEXT NULL,
    "Model" TEXT NULL,
    "SerialNumber" TEXT NULL,
    "OpcUaNode" TEXT NULL,
    "Status" INTEGER NOT NULL,
    "CurrentMetrics" TEXT NOT NULL,
    "ExternalRefs" TEXT NOT NULL,
    "Version" INTEGER NOT NULL,
    "Tags" TEXT NOT NULL,
    "CreatedUtc" TEXT NOT NULL,
    "UpdatedUtc" TEXT NOT NULL,
    CONSTRAINT "FK_Machines_Sites_SiteId" FOREIGN KEY ("SiteId") REFERENCES "Sites" ("Id") ON DELETE CASCADE
);
2025-08-23 14:55:22.136 +01:00 [INF] Executed DbCommand (0ms) [Parameters=[], CommandType='"Text"', CommandTimeout='30']
CREATE INDEX "IX_AspNetRoleClaims_RoleId" ON "AspNetRoleClaims" ("RoleId");
2025-08-23 14:55:22.136 +01:00 [INF] Executed DbCommand (0ms) [Parameters=[], CommandType='"Text"', CommandTimeout='30']
CREATE UNIQUE INDEX "RoleNameIndex" ON "AspNetRoles" ("NormalizedName");
2025-08-23 14:55:22.136 +01:00 [INF] Executed DbCommand (0ms) [Parameters=[], CommandType='"Text"', CommandTimeout='30']
CREATE INDEX "IX_AspNetUserClaims_UserId" ON "AspNetUserClaims" ("UserId");
2025-08-23 14:55:22.136 +01:00 [INF] Executed DbCommand (0ms) [Parameters=[], CommandType='"Text"', CommandTimeout='30']
CREATE INDEX "IX_AspNetUserLogins_UserId" ON "AspNetUserLogins" ("UserId");
2025-08-23 14:55:22.136 +01:00 [INF] Executed DbCommand (0ms) [Parameters=[], CommandType='"Text"', CommandTimeout='30']
CREATE INDEX "IX_AspNetUserRoles_RoleId" ON "AspNetUserRoles" ("RoleId");
2025-08-23 14:55:22.136 +01:00 [INF] Executed DbCommand (0ms) [Parameters=[], CommandType='"Text"', CommandTimeout='30']
CREATE INDEX "EmailIndex" ON "AspNetUsers" ("NormalizedEmail");
2025-08-23 14:55:22.136 +01:00 [INF] Executed DbCommand (0ms) [Parameters=[], CommandType='"Text"', CommandTimeout='30']
CREATE UNIQUE INDEX "UserNameIndex" ON "AspNetUsers" ("NormalizedUserName");
2025-08-23 14:55:22.136 +01:00 [INF] Executed DbCommand (0ms) [Parameters=[], CommandType='"Text"', CommandTimeout='30']
CREATE INDEX "IX_Machines_SiteId" ON "Machines" ("SiteId");
2025-08-23 14:55:22.136 +01:00 [INF] Executed DbCommand (0ms) [Parameters=[], CommandType='"Text"', CommandTimeout='30']
CREATE INDEX "IX_Products_CompanyId" ON "Products" ("CompanyId");
2025-08-23 14:55:22.136 +01:00 [INF] Executed DbCommand (0ms) [Parameters=[], CommandType='"Text"', CommandTimeout='30']
CREATE INDEX "IX_Sites_CompanyId" ON "Sites" ("CompanyId");
2025-08-23 14:55:22.250 +01:00 [INF] Executed DbCommand (0ms) [Parameters=[], CommandType='"Text"', CommandTimeout='30']
SELECT EXISTS (
    SELECT 1
    FROM "Companies" AS "c")
2025-08-23 14:55:22.443 +01:00 [INF] Executed DbCommand (3ms) [Parameters=[@p0='?' (DbType = Guid), @p1='?' (Size = 64), @p2='?' (DbType = DateTime), @p3='?' (Size = 2), @p4='?' (Size = 13), @p5='?' (Size = 21), @p6='?' (Size = 25), @p7='?' (Size = 2), @p8='?' (Size = 19), @p9='?' (DbType = DateTime), @p10='?' (DbType = Int32), @p11='?' (Size = 24)], CommandType='"Text"', CommandTimeout='30']
INSERT INTO "Companies" ("Id", "Address", "CreatedUtc", "ExternalRefs", "Industry", "Name", "RegistrationId", "Tags", "TaxId", "UpdatedUtc", "Version", "Website")
VALUES (@p0, @p1, @p2, @p3, @p4, @p5, @p6, @p7, @p8, @p9, @p10, @p11);
2025-08-23 14:55:22.451 +01:00 [INF] Executed DbCommand (0ms) [Parameters=[@p0='?' (DbType = Guid), @p1='?' (Size = 79), @p2='?' (Size = 13), @p3='?' (DbType = Guid), @p4='?' (DbType = DateTime), @p5='?' (Size = 3), @p6='?' (Size = 38), @p7='?' (Size = 2), @p8='?', @p9='?' (DbType = Boolean), @p10='?' (Size = 21), @p11='?' (Size = 16), @p12='?' (DbType = Decimal), @p13='?' (Size = 11), @p14='?' (Size = 2), @p15='?' (DbType = DateTime), @p16='?' (DbType = Int32)], CommandType='"Text"', CommandTimeout='30']
INSERT INTO "Products" ("Id", "Attributes", "Category", "CompanyId", "CreatedUtc", "Currency", "Description", "ExternalRefs", "ImageUrl", "IsActive", "Manufacturer", "Name", "Price", "Sku", "Tags", "UpdatedUtc", "Version")
VALUES (@p0, @p1, @p2, @p3, @p4, @p5, @p6, @p7, @p8, @p9, @p10, @p11, @p12, @p13, @p14, @p15, @p16);
2025-08-23 14:55:22.451 +01:00 [INF] Executed DbCommand (0ms) [Parameters=[@p0='?' (DbType = Guid), @p1='?' (Size = 79), @p2='?' (Size = 10), @p3='?' (DbType = Guid), @p4='?' (DbType = DateTime), @p5='?' (Size = 3), @p6='?' (Size = 45), @p7='?' (Size = 2), @p8='?', @p9='?' (DbType = Boolean), @p10='?' (Size = 21), @p11='?' (Size = 21), @p12='?' (DbType = Decimal), @p13='?' (Size = 12), @p14='?' (Size = 2), @p15='?' (DbType = DateTime), @p16='?' (DbType = Int32)], CommandType='"Text"', CommandTimeout='30']
INSERT INTO "Products" ("Id", "Attributes", "Category", "CompanyId", "CreatedUtc", "Currency", "Description", "ExternalRefs", "ImageUrl", "IsActive", "Manufacturer", "Name", "Price", "Sku", "Tags", "UpdatedUtc", "Version")
VALUES (@p0, @p1, @p2, @p3, @p4, @p5, @p6, @p7, @p8, @p9, @p10, @p11, @p12, @p13, @p14, @p15, @p16);
2025-08-23 14:55:22.452 +01:00 [INF] Executed DbCommand (0ms) [Parameters=[@p0='?' (DbType = Guid), @p1='?' (Size = 79), @p2='?' (Size = 15), @p3='?' (DbType = Guid), @p4='?' (DbType = DateTime), @p5='?' (Size = 3), @p6='?' (Size = 42), @p7='?' (Size = 2), @p8='?', @p9='?' (DbType = Boolean), @p10='?' (Size = 21), @p11='?' (Size = 18), @p12='?' (DbType = Decimal), @p13='?' (Size = 7), @p14='?' (Size = 2), @p15='?' (DbType = DateTime), @p16='?' (DbType = Int32)], CommandType='"Text"', CommandTimeout='30']
INSERT INTO "Products" ("Id", "Attributes", "Category", "CompanyId", "CreatedUtc", "Currency", "Description", "ExternalRefs", "ImageUrl", "IsActive", "Manufacturer", "Name", "Price", "Sku", "Tags", "UpdatedUtc", "Version")
VALUES (@p0, @p1, @p2, @p3, @p4, @p5, @p6, @p7, @p8, @p9, @p10, @p11, @p12, @p13, @p14, @p15, @p16);
2025-08-23 14:55:22.452 +01:00 [INF] Executed DbCommand (0ms) [Parameters=[@p0='?' (DbType = Guid), @p1='?' (Size = 79), @p2='?' (Size = 16), @p3='?' (DbType = Guid), @p4='?' (DbType = DateTime), @p5='?' (Size = 3), @p6='?' (Size = 36), @p7='?' (Size = 2), @p8='?', @p9='?' (DbType = Boolean), @p10='?' (Size = 21), @p11='?' (Size = 20), @p12='?' (DbType = Decimal), @p13='?' (Size = 10), @p14='?' (Size = 2), @p15='?' (DbType = DateTime), @p16='?' (DbType = Int32)], CommandType='"Text"', CommandTimeout='30']
INSERT INTO "Products" ("Id", "Attributes", "Category", "CompanyId", "CreatedUtc", "Currency", "Description", "ExternalRefs", "ImageUrl", "IsActive", "Manufacturer", "Name", "Price", "Sku", "Tags", "UpdatedUtc", "Version")
VALUES (@p0, @p1, @p2, @p3, @p4, @p5, @p6, @p7, @p8, @p9, @p10, @p11, @p12, @p13, @p14, @p15, @p16);
2025-08-23 14:55:22.452 +01:00 [INF] Executed DbCommand (0ms) [Parameters=[@p0='?' (DbType = Guid), @p1='?' (Size = 79), @p2='?' (Size = 10), @p3='?' (DbType = Guid), @p4='?' (DbType = DateTime), @p5='?' (Size = 3), @p6='?' (Size = 29), @p7='?' (Size = 2), @p8='?', @p9='?' (DbType = Boolean), @p10='?' (Size = 21), @p11='?' (Size = 13), @p12='?' (DbType = Decimal), @p13='?' (Size = 9), @p14='?' (Size = 2), @p15='?' (DbType = DateTime), @p16='?' (DbType = Int32)], CommandType='"Text"', CommandTimeout='30']
INSERT INTO "Products" ("Id", "Attributes", "Category", "CompanyId", "CreatedUtc", "Currency", "Description", "ExternalRefs", "ImageUrl", "IsActive", "Manufacturer", "Name", "Price", "Sku", "Tags", "UpdatedUtc", "Version")
VALUES (@p0, @p1, @p2, @p3, @p4, @p5, @p6, @p7, @p8, @p9, @p10, @p11, @p12, @p13, @p14, @p15, @p16);
2025-08-23 14:55:22.452 +01:00 [INF] Executed DbCommand (0ms) [Parameters=[@p0='?' (DbType = Guid), @p1='?' (Size = 79), @p2='?' (Size = 11), @p3='?' (DbType = Guid), @p4='?' (DbType = DateTime), @p5='?' (Size = 3), @p6='?' (Size = 35), @p7='?' (Size = 2), @p8='?', @p9='?' (DbType = Boolean), @p10='?' (Size = 21), @p11='?' (Size = 15), @p12='?' (DbType = Decimal), @p13='?' (Size = 13), @p14='?' (Size = 2), @p15='?' (DbType = DateTime), @p16='?' (DbType = Int32)], CommandType='"Text"', CommandTimeout='30']
INSERT INTO "Products" ("Id", "Attributes", "Category", "CompanyId", "CreatedUtc", "Currency", "Description", "ExternalRefs", "ImageUrl", "IsActive", "Manufacturer", "Name", "Price", "Sku", "Tags", "UpdatedUtc", "Version")
VALUES (@p0, @p1, @p2, @p3, @p4, @p5, @p6, @p7, @p8, @p9, @p10, @p11, @p12, @p13, @p14, @p15, @p16);
2025-08-23 14:55:22.452 +01:00 [INF] Executed DbCommand (0ms) [Parameters=[@p0='?' (DbType = Guid), @p1='?' (Size = 79), @p2='?' (Size = 10), @p3='?' (DbType = Guid), @p4='?' (DbType = DateTime), @p5='?' (Size = 3), @p6='?' (Size = 44), @p7='?' (Size = 2), @p8='?', @p9='?' (DbType = Boolean), @p10='?' (Size = 21), @p11='?' (Size = 23), @p12='?' (DbType = Decimal), @p13='?' (Size = 10), @p14='?' (Size = 2), @p15='?' (DbType = DateTime), @p16='?' (DbType = Int32)], CommandType='"Text"', CommandTimeout='30']
INSERT INTO "Products" ("Id", "Attributes", "Category", "CompanyId", "CreatedUtc", "Currency", "Description", "ExternalRefs", "ImageUrl", "IsActive", "Manufacturer", "Name", "Price", "Sku", "Tags", "UpdatedUtc", "Version")
VALUES (@p0, @p1, @p2, @p3, @p4, @p5, @p6, @p7, @p8, @p9, @p10, @p11, @p12, @p13, @p14, @p15, @p16);
2025-08-23 14:55:22.452 +01:00 [INF] Executed DbCommand (0ms) [Parameters=[@p0='?' (DbType = Guid), @p1='?' (Size = 79), @p2='?' (Size = 10), @p3='?' (DbType = Guid), @p4='?' (DbType = DateTime), @p5='?' (Size = 3), @p6='?' (Size = 48), @p7='?' (Size = 2), @p8='?', @p9='?' (DbType = Boolean), @p10='?' (Size = 21), @p11='?' (Size = 15), @p12='?' (DbType = Decimal), @p13='?' (Size = 11), @p14='?' (Size = 2), @p15='?' (DbType = DateTime), @p16='?' (DbType = Int32)], CommandType='"Text"', CommandTimeout='30']
INSERT INTO "Products" ("Id", "Attributes", "Category", "CompanyId", "CreatedUtc", "Currency", "Description", "ExternalRefs", "ImageUrl", "IsActive", "Manufacturer", "Name", "Price", "Sku", "Tags", "UpdatedUtc", "Version")
VALUES (@p0, @p1, @p2, @p3, @p4, @p5, @p6, @p7, @p8, @p9, @p10, @p11, @p12, @p13, @p14, @p15, @p16);
2025-08-23 14:55:22.453 +01:00 [INF] Executed DbCommand (0ms) [Parameters=[@p0='?' (DbType = Guid), @p1='?' (Size = 54), @p2='?' (Size = 4), @p3='?' (DbType = Guid), @p4='?' (Size = 5), @p5='?' (DbType = DateTime), @p6='?' (Size = 57), @p7='?' (Size = 2), @p8='?' (Size = 15), @p9='?' (Size = 2), @p10='?' (DbType = DateTime), @p11='?' (DbType = Int32)], CommandType='"Text"', CommandTimeout='30']
INSERT INTO "Sites" ("Id", "Address", "City", "CompanyId", "Country", "CreatedUtc", "Description", "ExternalRefs", "Name", "Tags", "UpdatedUtc", "Version")
VALUES (@p0, @p1, @p2, @p3, @p4, @p5, @p6, @p7, @p8, @p9, @p10, @p11);
2025-08-23 14:55:22.453 +01:00 [INF] Executed DbCommand (0ms) [Parameters=[@p0='?' (DbType = Guid), @p1='?' (Size = 64), @p2='?' (Size = 6), @p3='?' (DbType = Guid), @p4='?' (Size = 5), @p5='?' (DbType = DateTime), @p6='?' (Size = 67), @p7='?' (Size = 2), @p8='?' (Size = 24), @p9='?' (Size = 2), @p10='?' (DbType = DateTime), @p11='?' (DbType = Int32)], CommandType='"Text"', CommandTimeout='30']
INSERT INTO "Sites" ("Id", "Address", "City", "CompanyId", "Country", "CreatedUtc", "Description", "ExternalRefs", "Name", "Tags", "UpdatedUtc", "Version")
VALUES (@p0, @p1, @p2, @p3, @p4, @p5, @p6, @p7, @p8, @p9, @p10, @p11);
2025-08-23 14:55:22.464 +01:00 [INF] Executed DbCommand (0ms) [Parameters=[@p0='?' (DbType = Guid), @p1='?' (DbType = DateTime), @p2='?' (Size = 249), @p3='?' (Size = 2), @p4='?' (Size = 8), @p5='?' (Size = 12), @p6='?' (Size = 12), @p7='?' (Size = 11), @p8='?' (Size = 10), @p9='?' (DbType = Guid), @p10='?' (DbType = Int32), @p11='?' (Size = 2), @p12='?' (DbType = DateTime), @p13='?' (DbType = Int32)], CommandType='"Text"', CommandTimeout='30']
INSERT INTO "Machines" ("Id", "CreatedUtc", "CurrentMetrics", "ExternalRefs", "Make", "Model", "Name", "OpcUaNode", "SerialNumber", "SiteId", "Status", "Tags", "UpdatedUtc", "Version")
VALUES (@p0, @p1, @p2, @p3, @p4, @p5, @p6, @p7, @p8, @p9, @p10, @p11, @p12, @p13);
2025-08-23 14:55:22.465 +01:00 [INF] Executed DbCommand (0ms) [Parameters=[@p0='?' (DbType = Guid), @p1='?' (DbType = DateTime), @p2='?' (Size = 249), @p3='?' (Size = 2), @p4='?' (Size = 6), @p5='?' (Size = 7), @p6='?' (Size = 11), @p7='?', @p8='?' (Size = 9), @p9='?' (DbType = Guid), @p10='?' (DbType = Int32), @p11='?' (Size = 2), @p12='?' (DbType = DateTime), @p13='?' (DbType = Int32)], CommandType='"Text"', CommandTimeout='30']
INSERT INTO "Machines" ("Id", "CreatedUtc", "CurrentMetrics", "ExternalRefs", "Make", "Model", "Name", "OpcUaNode", "SerialNumber", "SiteId", "Status", "Tags", "UpdatedUtc", "Version")
VALUES (@p0, @p1, @p2, @p3, @p4, @p5, @p6, @p7, @p8, @p9, @p10, @p11, @p12, @p13);
2025-08-23 14:55:22.465 +01:00 [INF] Executed DbCommand (0ms) [Parameters=[@p0='?' (DbType = Guid), @p1='?' (DbType = DateTime), @p2='?' (Size = 250), @p3='?' (Size = 2), @p4='?' (Size = 4), @p5='?' (Size = 6), @p6='?' (Size = 11), @p7='?' (Size = 11), @p8='?' (Size = 10), @p9='?' (DbType = Guid), @p10='?' (DbType = Int32), @p11='?' (Size = 2), @p12='?' (DbType = DateTime), @p13='?' (DbType = Int32)], CommandType='"Text"', CommandTimeout='30']
INSERT INTO "Machines" ("Id", "CreatedUtc", "CurrentMetrics", "ExternalRefs", "Make", "Model", "Name", "OpcUaNode", "SerialNumber", "SiteId", "Status", "Tags", "UpdatedUtc", "Version")
VALUES (@p0, @p1, @p2, @p3, @p4, @p5, @p6, @p7, @p8, @p9, @p10, @p11, @p12, @p13);
2025-08-23 14:55:22.465 +01:00 [INF] Executed DbCommand (0ms) [Parameters=[@p0='?' (DbType = Guid), @p1='?' (DbType = DateTime), @p2='?' (Size = 250), @p3='?' (Size = 2), @p4='?' (Size = 13), @p5='?' (Size = 8), @p6='?' (Size = 16), @p7='?' (Size = 11), @p8='?' (Size = 9), @p9='?' (DbType = Guid), @p10='?' (DbType = Int32), @p11='?' (Size = 2), @p12='?' (DbType = DateTime), @p13='?' (DbType = Int32)], CommandType='"Text"', CommandTimeout='30']
INSERT INTO "Machines" ("Id", "CreatedUtc", "CurrentMetrics", "ExternalRefs", "Make", "Model", "Name", "OpcUaNode", "SerialNumber", "SiteId", "Status", "Tags", "UpdatedUtc", "Version")
VALUES (@p0, @p1, @p2, @p3, @p4, @p5, @p6, @p7, @p8, @p9, @p10, @p11, @p12, @p13);
2025-08-23 14:55:22.474 +01:00 [INF] Starting MAK3R API
2025-08-23 14:55:22.491 +01:00 [INF] User profile is available. Using 'C:\Users\revanur\AppData\Local\ASP.NET\DataProtection-Keys' as key repository and Windows DPAPI to encrypt keys at rest.
2025-08-23 14:55:22.497 +01:00 [INF] Creating key {cb431a13-a87f-4795-8ed4-896f9f2068c3} with creation date 2025-08-23 13:55:22Z, activation date 2025-08-23 13:55:22Z, and expiration date 2025-11-21 13:55:22Z.
2025-08-23 14:55:22.514 +01:00 [INF] Writing data to file 'C:\Users\revanur\AppData\Local\ASP.NET\DataProtection-Keys\key-cb431a13-a87f-4795-8ed4-896f9f2068c3.xml'.
2025-08-23 14:55:22.613 +01:00 [INF] Now listening on: http://localhost:5137
2025-08-23 14:55:22.614 +01:00 [INF] Application started. Press Ctrl+C to shut down.
2025-08-23 14:55:22.614 +01:00 [INF] Hosting environment: Development
2025-08-23 14:55:22.614 +01:00 [INF] Content root path: C:\code\MAK3R-Cluster\services\MAK3R.Api
2025-08-23 14:55:39.125 +01:00 [INF] Request starting HTTP/1.1 GET http://localhost:5137/ - null null
2025-08-23 14:55:39.205 +01:00 [INF] Request finished HTTP/1.1 GET http://localhost:5137/ - 404 0 null 81.1773ms
2025-08-23 14:55:39.207 +01:00 [INF] Request reached the end of the middleware pipeline without being handled by application code. Request path: GET http://localhost:5137/, Response status code: 404
2025-08-23 14:55:41.487 +01:00 [INF] Request starting HTTP/1.1 GET http://localhost:5137/ - null null
2025-08-23 14:55:41.489 +01:00 [INF] Request finished HTTP/1.1 GET http://localhost:5137/ - 404 0 null 2.1886ms
2025-08-23 14:55:41.490 +01:00 [INF] Request reached the end of the middleware pipeline without being handled by application code. Request path: GET http://localhost:5137/, Response status code: 404
2025-08-23 14:55:44.758 +01:00 [INF] Request starting HTTP/1.1 GET http://localhost:5137/ - null null
2025-08-23 14:55:44.760 +01:00 [INF] Request finished HTTP/1.1 GET http://localhost:5137/ - 404 0 null 2.0644ms
2025-08-23 14:55:44.760 +01:00 [INF] Request reached the end of the middleware pipeline without being handled by application code. Request path: GET http://localhost:5137/, Response status code: 404
2025-08-23 14:57:19.285 +01:00 [INF] Request starting HTTP/1.1 GET http://localhost:5137/api/health - null null
2025-08-23 14:57:19.288 +01:00 [INF] Executing endpoint 'HTTP: GET /api/health'
2025-08-23 14:57:19.295 +01:00 [INF] Setting HTTP status code 200.
2025-08-23 14:57:19.298 +01:00 [INF] Writing value of type '<>f__AnonymousType0`2' as Json.
2025-08-23 14:57:19.299 +01:00 [INF] Executed endpoint 'HTTP: GET /api/health'
2025-08-23 14:57:19.299 +01:00 [INF] Request finished HTTP/1.1 GET http://localhost:5137/api/health - 200 null application/json; charset=utf-8 13.9156ms
2025-08-23 14:57:23.469 +01:00 [INF] Request starting HTTP/1.1 GET http://localhost:5137/api/demo/contoso-gears - null null
2025-08-23 14:57:23.470 +01:00 [INF] Executing endpoint 'HTTP: GET /api/demo/contoso-gears'
2025-08-23 14:57:23.471 +01:00 [INF] Setting HTTP status code 200.
2025-08-23 14:57:23.471 +01:00 [INF] Writing value of type 'OnboardingWizardDto' as Json.
2025-08-23 14:57:23.475 +01:00 [INF] Executed endpoint 'HTTP: GET /api/demo/contoso-gears'
2025-08-23 14:57:23.475 +01:00 [INF] Request finished HTTP/1.1 GET http://localhost:5137/api/demo/contoso-gears - 200 null application/json; charset=utf-8 5.2597ms
2025-08-23 14:59:07.996 +01:00 [WRN] The property 'ConnectorConfiguration.Settings' is a collection or enumeration type with a value converter but with no value comparer. Set a value comparer to ensure the collection/enumeration elements are compared correctly.
2025-08-23 14:59:08.022 +01:00 [WRN] The property 'Company.ExternalRefs' is a collection or enumeration type with a value converter but with no value comparer. Set a value comparer to ensure the collection/enumeration elements are compared correctly.
2025-08-23 14:59:08.022 +01:00 [WRN] The property 'Company.Tags' is a collection or enumeration type with a value converter but with no value comparer. Set a value comparer to ensure the collection/enumeration elements are compared correctly.
2025-08-23 14:59:08.023 +01:00 [WRN] The property 'Machine.CurrentMetrics' is a collection or enumeration type with a value converter but with no value comparer. Set a value comparer to ensure the collection/enumeration elements are compared correctly.
2025-08-23 14:59:08.023 +01:00 [WRN] The property 'Machine.ExternalRefs' is a collection or enumeration type with a value converter but with no value comparer. Set a value comparer to ensure the collection/enumeration elements are compared correctly.
2025-08-23 14:59:08.023 +01:00 [WRN] The property 'Machine.Tags' is a collection or enumeration type with a value converter but with no value comparer. Set a value comparer to ensure the collection/enumeration elements are compared correctly.
2025-08-23 14:59:08.023 +01:00 [WRN] The property 'Product.Attributes' is a collection or enumeration type with a value converter but with no value comparer. Set a value comparer to ensure the collection/enumeration elements are compared correctly.
2025-08-23 14:59:08.023 +01:00 [WRN] The property 'Product.ExternalRefs' is a collection or enumeration type with a value converter but with no value comparer. Set a value comparer to ensure the collection/enumeration elements are compared correctly.
2025-08-23 14:59:08.026 +01:00 [WRN] The property 'Product.Tags' is a collection or enumeration type with a value converter but with no value comparer. Set a value comparer to ensure the collection/enumeration elements are compared correctly.
2025-08-23 14:59:08.026 +01:00 [WRN] The property 'Site.ExternalRefs' is a collection or enumeration type with a value converter but with no value comparer. Set a value comparer to ensure the collection/enumeration elements are compared correctly.
2025-08-23 14:59:08.026 +01:00 [WRN] The property 'Site.Tags' is a collection or enumeration type with a value converter but with no value comparer. Set a value comparer to ensure the collection/enumeration elements are compared correctly.
2025-08-23 14:59:08.148 +01:00 [INF] Executed DbCommand (15ms) [Parameters=[], CommandType='"Text"', CommandTimeout='30']
SELECT COUNT(*) FROM "sqlite_master" WHERE "type" = 'table' AND "rootpage" IS NOT NULL;
2025-08-23 14:59:08.244 +01:00 [INF] Executed DbCommand (0ms) [Parameters=[], CommandType='"Text"', CommandTimeout='30']
SELECT EXISTS (
    SELECT 1
    FROM "Companies" AS "c")
2025-08-23 14:59:08.248 +01:00 [INF] Starting MAK3R API
2025-08-23 14:59:08.258 +01:00 [INF] User profile is available. Using 'C:\Users\revanur\AppData\Local\ASP.NET\DataProtection-Keys' as key repository and Windows DPAPI to encrypt keys at rest.
2025-08-23 14:59:08.336 +01:00 [INF] Now listening on: http://localhost:5137
2025-08-23 14:59:08.337 +01:00 [INF] Application started. Press Ctrl+C to shut down.
2025-08-23 14:59:08.337 +01:00 [INF] Hosting environment: Development
2025-08-23 14:59:08.337 +01:00 [INF] Content root path: C:\code\MAK3R-Cluster\services\MAK3R.Api
2025-08-23 14:59:17.068 +01:00 [INF] Request starting HTTP/1.1 GET http://localhost:5137/swagger/index.html - null null
2025-08-23 14:59:17.132 +01:00 [INF] Request finished HTTP/1.1 GET http://localhost:5137/swagger/index.html - 200 null text/html;charset=utf-8 65.6059ms
2025-08-23 14:59:28.517 +01:00 [INF] Request starting HTTP/1.1 POST http://localhost:5137/api/auth/register - application/json 91
2025-08-23 14:59:28.551 +01:00 [INF] Executing endpoint 'HTTP: POST /api/auth/register'
2025-08-23 14:59:28.557 +01:00 [INF] Executed endpoint 'HTTP: POST /api/auth/register'
2025-08-23 14:59:28.559 +01:00 [ERR] An unhandled exception has occurred while executing the request.
Microsoft.AspNetCore.Http.BadHttpRequestException: Failed to read parameter "RegisterDto dto" from the request body as JSON.
 ---> System.Text.Json.JsonException: '!' is an invalid escapable character within a JSON string. The string should be correctly escaped. Path: $.password | LineNumber: 0 | BytePositionInLine: 56.
 ---> System.Text.Json.JsonReaderException: '!' is an invalid escapable character within a JSON string. The string should be correctly escaped. LineNumber: 0 | BytePositionInLine: 56.
   at System.Text.Json.ThrowHelper.ThrowJsonReaderException(Utf8JsonReader& json, ExceptionResource resource, Byte nextByte, ReadOnlySpan`1 bytes)
   at System.Text.Json.Utf8JsonReader.ConsumeStringAndValidate(ReadOnlySpan`1 data, Int32 idx)
   at System.Text.Json.Utf8JsonReader.ConsumeString()
   at System.Text.Json.Utf8JsonReader.ConsumeValue(Byte marker)
   at System.Text.Json.Utf8JsonReader.ReadSingleSegment()
   at System.Text.Json.Utf8JsonReader.Read()
   at System.Text.Json.Serialization.Converters.ObjectWithParameterizedConstructorConverter`1.ReadConstructorArgumentsWithContinuation(ReadStack& state, Utf8JsonReader& reader, JsonSerializerOptions options)
   at System.Text.Json.Serialization.Converters.ObjectWithParameterizedConstructorConverter`1.OnTryRead(Utf8JsonReader& reader, Type typeToConvert, JsonSerializerOptions options, ReadStack& state, T& value)
   at System.Text.Json.Serialization.JsonConverter`1.TryRead(Utf8JsonReader& reader, Type typeToConvert, JsonSerializerOptions options, ReadStack& state, T& value, Boolean& isPopulatedValue)
   at System.Text.Json.Serialization.JsonConverter`1.ReadCore(Utf8JsonReader& reader, JsonSerializerOptions options, ReadStack& state)
   --- End of inner exception stack trace ---
   at System.Text.Json.ThrowHelper.ReThrowWithPath(ReadStack& state, JsonReaderException ex)
   at System.Text.Json.Serialization.JsonConverter`1.ReadCore(Utf8JsonReader& reader, JsonSerializerOptions options, ReadStack& state)
   at System.Text.Json.Serialization.Metadata.JsonTypeInfo`1.ContinueDeserialize(ReadBufferState& bufferState, JsonReaderState& jsonReaderState, ReadStack& readStack)
   at System.Text.Json.Serialization.Metadata.JsonTypeInfo`1.DeserializeAsync(Stream utf8Json, CancellationToken cancellationToken)
   at System.Text.Json.Serialization.Metadata.JsonTypeInfo`1.DeserializeAsObjectAsync(Stream utf8Json, CancellationToken cancellationToken)
   at Microsoft.AspNetCore.Http.HttpRequestJsonExtensions.ReadFromJsonAsync(HttpRequest request, JsonTypeInfo jsonTypeInfo, CancellationToken cancellationToken)
   at Microsoft.AspNetCore.Http.HttpRequestJsonExtensions.ReadFromJsonAsync(HttpRequest request, JsonTypeInfo jsonTypeInfo, CancellationToken cancellationToken)
   at Microsoft.AspNetCore.Http.RequestDelegateFactory.<HandleRequestBodyAndCompileRequestDelegateForJson>g__TryReadBodyAsync|102_0(HttpContext httpContext, Type bodyType, String parameterTypeName, String parameterName, Boolean allowEmptyRequestBody, Boolean throwOnBadRequest, JsonTypeInfo jsonTypeInfo)
   --- End of inner exception stack trace ---
   at Microsoft.AspNetCore.Http.RequestDelegateFactory.Log.InvalidJsonRequestBody(HttpContext httpContext, String parameterTypeName, String parameterName, Exception exception, Boolean shouldThrow)
   at Microsoft.AspNetCore.Http.RequestDelegateFactory.<HandleRequestBodyAndCompileRequestDelegateForJson>g__TryReadBodyAsync|102_0(HttpContext httpContext, Type bodyType, String parameterTypeName, String parameterName, Boolean allowEmptyRequestBody, Boolean throwOnBadRequest, JsonTypeInfo jsonTypeInfo)
   at Microsoft.AspNetCore.Http.RequestDelegateFactory.<>c__DisplayClass102_2.<<HandleRequestBodyAndCompileRequestDelegateForJson>b__2>d.MoveNext()
--- End of stack trace from previous location ---
   at Microsoft.AspNetCore.Routing.EndpointMiddleware.<Invoke>g__AwaitRequestTask|7_0(Endpoint endpoint, Task requestTask, ILogger logger)
   at Microsoft.AspNetCore.Authorization.AuthorizationMiddleware.Invoke(HttpContext context)
   at Microsoft.AspNetCore.Authentication.AuthenticationMiddleware.Invoke(HttpContext context)
   at Swashbuckle.AspNetCore.SwaggerUI.SwaggerUIMiddleware.Invoke(HttpContext httpContext)
   at Swashbuckle.AspNetCore.Swagger.SwaggerMiddleware.Invoke(HttpContext httpContext, ISwaggerProvider swaggerProvider)
   at Microsoft.AspNetCore.Diagnostics.DeveloperExceptionPageMiddlewareImpl.Invoke(HttpContext context)
2025-08-23 14:59:28.575 +01:00 [INF] Request finished HTTP/1.1 POST http://localhost:5137/api/auth/register - 400 null text/plain; charset=utf-8 57.6417ms
2025-08-23 15:00:33.468 +01:00 [INF] Request starting HTTP/1.1 POST http://localhost:5137/api/auth/register - application/json 87
2025-08-23 15:00:33.470 +01:00 [INF] Executing endpoint 'HTTP: POST /api/auth/register'
2025-08-23 15:00:33.594 +01:00 [INF] Executed DbCommand (3ms) [Parameters=[@__normalizedUserName_0='?' (Size = 21)], CommandType='"Text"', CommandTimeout='30']
SELECT "a"."Id", "a"."AccessFailedCount", "a"."ConcurrencyStamp", "a"."Email", "a"."EmailConfirmed", "a"."LockoutEnabled", "a"."LockoutEnd", "a"."NormalizedEmail", "a"."NormalizedUserName", "a"."PasswordHash", "a"."PhoneNumber", "a"."PhoneNumberConfirmed", "a"."SecurityStamp", "a"."TwoFactorEnabled", "a"."UserName"
FROM "AspNetUsers" AS "a"
WHERE "a"."NormalizedUserName" = @__normalizedUserName_0
LIMIT 1
2025-08-23 15:00:33.682 +01:00 [INF] Executed DbCommand (5ms) [Parameters=[@p0='?' (Size = 36), @p1='?' (DbType = Int32), @p2='?' (Size = 36), @p3='?' (Size = 21), @p4='?' (DbType = Boolean), @p5='?' (DbType = Boolean), @p6='?' (DbType = DateTimeOffset), @p7='?' (Size = 21), @p8='?' (Size = 21), @p9='?' (Size = 84), @p10='?', @p11='?' (DbType = Boolean), @p12='?' (Size = 32), @p13='?' (DbType = Boolean), @p14='?' (Size = 21)], CommandType='"Text"', CommandTimeout='30']
INSERT INTO "AspNetUsers" ("Id", "AccessFailedCount", "ConcurrencyStamp", "Email", "EmailConfirmed", "LockoutEnabled", "LockoutEnd", "NormalizedEmail", "NormalizedUserName", "PasswordHash", "PhoneNumber", "PhoneNumberConfirmed", "SecurityStamp", "TwoFactorEnabled", "UserName")
VALUES (@p0, @p1, @p2, @p3, @p4, @p5, @p6, @p7, @p8, @p9, @p10, @p11, @p12, @p13, @p14);
2025-08-23 15:00:33.706 +01:00 [INF] Setting HTTP status code 200.
2025-08-23 15:00:33.708 +01:00 [INF] Writing value of type '<>f__AnonymousType2`2' as Json.
2025-08-23 15:00:33.708 +01:00 [INF] Executed endpoint 'HTTP: POST /api/auth/register'
2025-08-23 15:00:33.710 +01:00 [INF] Request finished HTTP/1.1 POST http://localhost:5137/api/auth/register - 200 null application/json; charset=utf-8 242.5855ms
2025-08-23 15:00:54.687 +01:00 [INF] Request starting HTTP/1.1 POST http://localhost:5137/api/auth/login - application/json 57
2025-08-23 15:00:54.688 +01:00 [INF] Executing endpoint 'HTTP: POST /api/auth/login'
2025-08-23 15:00:54.733 +01:00 [INF] Executed DbCommand (0ms) [Parameters=[@__normalizedEmail_0='?' (Size = 21)], CommandType='"Text"', CommandTimeout='30']
SELECT "a"."Id", "a"."AccessFailedCount", "a"."ConcurrencyStamp", "a"."Email", "a"."EmailConfirmed", "a"."LockoutEnabled", "a"."LockoutEnd", "a"."NormalizedEmail", "a"."NormalizedUserName", "a"."PasswordHash", "a"."PhoneNumber", "a"."PhoneNumberConfirmed", "a"."SecurityStamp", "a"."TwoFactorEnabled", "a"."UserName"
FROM "AspNetUsers" AS "a"
WHERE "a"."NormalizedEmail" = @__normalizedEmail_0
LIMIT 2
2025-08-23 15:00:54.790 +01:00 [INF] Setting HTTP status code 200.
2025-08-23 15:00:54.790 +01:00 [INF] Writing value of type '<>f__AnonymousType2`2' as Json.
2025-08-23 15:00:54.791 +01:00 [INF] Executed endpoint 'HTTP: POST /api/auth/login'
2025-08-23 15:00:54.791 +01:00 [INF] Request finished HTTP/1.1 POST http://localhost:5137/api/auth/login - 200 null application/json; charset=utf-8 104.0741ms
2025-08-23 15:01:17.220 +01:00 [WRN] The property 'ConnectorConfiguration.Settings' is a collection or enumeration type with a value converter but with no value comparer. Set a value comparer to ensure the collection/enumeration elements are compared correctly.
2025-08-23 15:01:17.244 +01:00 [WRN] The property 'Company.ExternalRefs' is a collection or enumeration type with a value converter but with no value comparer. Set a value comparer to ensure the collection/enumeration elements are compared correctly.
2025-08-23 15:01:17.244 +01:00 [WRN] The property 'Company.Tags' is a collection or enumeration type with a value converter but with no value comparer. Set a value comparer to ensure the collection/enumeration elements are compared correctly.
2025-08-23 15:01:17.244 +01:00 [WRN] The property 'Machine.CurrentMetrics' is a collection or enumeration type with a value converter but with no value comparer. Set a value comparer to ensure the collection/enumeration elements are compared correctly.
2025-08-23 15:01:17.244 +01:00 [WRN] The property 'Machine.ExternalRefs' is a collection or enumeration type with a value converter but with no value comparer. Set a value comparer to ensure the collection/enumeration elements are compared correctly.
2025-08-23 15:01:17.245 +01:00 [WRN] The property 'Machine.Tags' is a collection or enumeration type with a value converter but with no value comparer. Set a value comparer to ensure the collection/enumeration elements are compared correctly.
2025-08-23 15:01:17.245 +01:00 [WRN] The property 'Product.Attributes' is a collection or enumeration type with a value converter but with no value comparer. Set a value comparer to ensure the collection/enumeration elements are compared correctly.
2025-08-23 15:01:17.245 +01:00 [WRN] The property 'Product.ExternalRefs' is a collection or enumeration type with a value converter but with no value comparer. Set a value comparer to ensure the collection/enumeration elements are compared correctly.
2025-08-23 15:01:17.247 +01:00 [WRN] The property 'Product.Tags' is a collection or enumeration type with a value converter but with no value comparer. Set a value comparer to ensure the collection/enumeration elements are compared correctly.
2025-08-23 15:01:17.247 +01:00 [WRN] The property 'Site.ExternalRefs' is a collection or enumeration type with a value converter but with no value comparer. Set a value comparer to ensure the collection/enumeration elements are compared correctly.
2025-08-23 15:01:17.247 +01:00 [WRN] The property 'Site.Tags' is a collection or enumeration type with a value converter but with no value comparer. Set a value comparer to ensure the collection/enumeration elements are compared correctly.
2025-08-23 15:01:17.359 +01:00 [INF] Executed DbCommand (12ms) [Parameters=[], CommandType='"Text"', CommandTimeout='30']
SELECT COUNT(*) FROM "sqlite_master" WHERE "type" = 'table' AND "rootpage" IS NOT NULL;
2025-08-23 15:01:17.456 +01:00 [INF] Executed DbCommand (0ms) [Parameters=[], CommandType='"Text"', CommandTimeout='30']
SELECT EXISTS (
    SELECT 1
    FROM "Companies" AS "c")
2025-08-23 15:01:17.459 +01:00 [INF] Starting MAK3R API
2025-08-23 15:01:17.468 +01:00 [INF] User profile is available. Using 'C:\Users\revanur\AppData\Local\ASP.NET\DataProtection-Keys' as key repository and Windows DPAPI to encrypt keys at rest.
2025-08-23 15:01:17.537 +01:00 [INF] Now listening on: http://localhost:5137
2025-08-23 15:01:17.538 +01:00 [INF] Application started. Press Ctrl+C to shut down.
2025-08-23 15:01:17.538 +01:00 [INF] Hosting environment: Development
2025-08-23 15:01:17.538 +01:00 [INF] Content root path: C:\code\MAK3R-Cluster\services\MAK3R.Api
2025-08-23 15:01:24.926 +01:00 [INF] Request starting HTTP/1.1 GET http://localhost:5137/api/twin/00000000-0000-0000-0000-000000000001 - null null
2025-08-23 15:01:24.979 +01:00 [INF] Authorization failed. These requirements were not met:
DenyAnonymousAuthorizationRequirement: Requires an authenticated user.
2025-08-23 15:01:24.981 +01:00 [INF] AuthenticationScheme: Bearer was challenged.
2025-08-23 15:01:24.982 +01:00 [INF] Request finished HTTP/1.1 GET http://localhost:5137/api/twin/00000000-0000-0000-0000-000000000001 - 401 0 null 57.2853ms
2025-08-23 15:13:00.393 +01:00 [INF] Request starting HTTP/1.1 GET http://localhost:5137/api/twin/00000000-0000-0000-0000-000000000001 - null null
2025-08-23 15:13:00.442 +01:00 [INF] Executing endpoint 'HTTP: GET /api/twin/{companyId:guid}'
2025-08-23 15:13:00.447 +01:00 [INF] Setting HTTP status code 404.
2025-08-23 15:13:00.448 +01:00 [INF] Writing value of type 'String' as Json.
2025-08-23 15:13:00.449 +01:00 [INF] Executed endpoint 'HTTP: GET /api/twin/{companyId:guid}'
2025-08-23 15:13:00.449 +01:00 [INF] Request finished HTTP/1.1 GET http://localhost:5137/api/twin/00000000-0000-0000-0000-000000000001 - 404 null application/json; charset=utf-8 56.72ms
2025-08-23 15:20:41.972 +01:00 [WRN] The property 'ConnectorConfiguration.Settings' is a collection or enumeration type with a value converter but with no value comparer. Set a value comparer to ensure the collection/enumeration elements are compared correctly.
2025-08-23 15:20:42.004 +01:00 [WRN] The property 'Company.ExternalRefs' is a collection or enumeration type with a value converter but with no value comparer. Set a value comparer to ensure the collection/enumeration elements are compared correctly.
2025-08-23 15:20:42.004 +01:00 [WRN] The property 'Company.Tags' is a collection or enumeration type with a value converter but with no value comparer. Set a value comparer to ensure the collection/enumeration elements are compared correctly.
2025-08-23 15:20:42.005 +01:00 [WRN] The property 'Machine.CurrentMetrics' is a collection or enumeration type with a value converter but with no value comparer. Set a value comparer to ensure the collection/enumeration elements are compared correctly.
2025-08-23 15:20:42.005 +01:00 [WRN] The property 'Machine.ExternalRefs' is a collection or enumeration type with a value converter but with no value comparer. Set a value comparer to ensure the collection/enumeration elements are compared correctly.
2025-08-23 15:20:42.005 +01:00 [WRN] The property 'Machine.Tags' is a collection or enumeration type with a value converter but with no value comparer. Set a value comparer to ensure the collection/enumeration elements are compared correctly.
2025-08-23 15:20:42.005 +01:00 [WRN] The property 'Product.Attributes' is a collection or enumeration type with a value converter but with no value comparer. Set a value comparer to ensure the collection/enumeration elements are compared correctly.
2025-08-23 15:20:42.005 +01:00 [WRN] The property 'Product.ExternalRefs' is a collection or enumeration type with a value converter but with no value comparer. Set a value comparer to ensure the collection/enumeration elements are compared correctly.
2025-08-23 15:20:42.008 +01:00 [WRN] The property 'Product.Tags' is a collection or enumeration type with a value converter but with no value comparer. Set a value comparer to ensure the collection/enumeration elements are compared correctly.
2025-08-23 15:20:42.008 +01:00 [WRN] The property 'Site.ExternalRefs' is a collection or enumeration type with a value converter but with no value comparer. Set a value comparer to ensure the collection/enumeration elements are compared correctly.
2025-08-23 15:20:42.008 +01:00 [WRN] The property 'Site.Tags' is a collection or enumeration type with a value converter but with no value comparer. Set a value comparer to ensure the collection/enumeration elements are compared correctly.
2025-08-23 15:20:42.168 +01:00 [INF] Executed DbCommand (9ms) [Parameters=[], CommandType='"Text"', CommandTimeout='30']
SELECT COUNT(*) FROM "sqlite_master" WHERE "type" = 'table' AND "rootpage" IS NOT NULL;
2025-08-23 15:20:42.310 +01:00 [INF] Executed DbCommand (0ms) [Parameters=[], CommandType='"Text"', CommandTimeout='30']
SELECT EXISTS (
    SELECT 1
    FROM "Companies" AS "c")
2025-08-23 15:20:42.314 +01:00 [INF] Starting MAK3R API
2025-08-23 15:20:42.328 +01:00 [INF] User profile is available. Using 'C:\Users\revanur\AppData\Local\ASP.NET\DataProtection-Keys' as key repository and Windows DPAPI to encrypt keys at rest.
2025-08-23 15:20:42.349 +01:00 [INF] Connector hosted service started
2025-08-23 15:20:42.438 +01:00 [INF] Now listening on: http://localhost:5137
2025-08-23 15:20:42.438 +01:00 [INF] Application started. Press Ctrl+C to shut down.
2025-08-23 15:20:42.438 +01:00 [INF] Hosting environment: Development
2025-08-23 15:20:42.438 +01:00 [INF] Content root path: C:\code\MAK3R-Cluster\services\MAK3R.Api
2025-08-23 15:27:19.096 +01:00 [INF] Request starting HTTP/1.1 GET http://localhost:5137/api/connectors - null null
2025-08-23 15:27:19.215 +01:00 [INF] Executing endpoint 'HTTP: GET /api/connectors'
2025-08-23 15:27:19.218 +01:00 [INF] Setting HTTP status code 200.
2025-08-23 15:27:19.221 +01:00 [INF] Writing value of type 'EmptyPartition`1' as Json.
2025-08-23 15:27:19.227 +01:00 [INF] Executed endpoint 'HTTP: GET /api/connectors'
2025-08-23 15:27:19.228 +01:00 [INF] Request finished HTTP/1.1 GET http://localhost:5137/api/connectors - 200 null application/json; charset=utf-8 132.6933ms
2025-08-23 15:27:27.098 +01:00 [INF] Request starting HTTP/1.1 GET http://localhost:5137/api/connectors/health - null null
2025-08-23 15:27:27.103 +01:00 [INF] Authorization failed. These requirements were not met:
DenyAnonymousAuthorizationRequirement: Requires an authenticated user.
2025-08-23 15:27:27.106 +01:00 [INF] AuthenticationScheme: Bearer was challenged.
2025-08-23 15:27:27.106 +01:00 [INF] Request finished HTTP/1.1 GET http://localhost:5137/api/connectors/health - 401 0 null 7.8908ms
2025-08-23 15:27:33.577 +01:00 [INF] Request starting HTTP/1.1 GET http://localhost:5137/api/connectors/health - null null
2025-08-23 15:27:33.580 +01:00 [INF] Authorization failed. These requirements were not met:
DenyAnonymousAuthorizationRequirement: Requires an authenticated user.
2025-08-23 15:27:33.580 +01:00 [INF] AuthenticationScheme: Bearer was challenged.
2025-08-23 15:27:33.581 +01:00 [INF] Request finished HTTP/1.1 GET http://localhost:5137/api/connectors/health - 401 0 null 3.9228ms
2025-08-23 15:27:39.381 +01:00 [INF] Request starting HTTP/1.1 GET http://localhost:5137/api/connectors/health - null null
2025-08-23 15:27:39.381 +01:00 [INF] Authorization failed. These requirements were not met:
DenyAnonymousAuthorizationRequirement: Requires an authenticated user.
2025-08-23 15:27:39.381 +01:00 [INF] AuthenticationScheme: Bearer was challenged.
2025-08-23 15:27:39.381 +01:00 [INF] Request finished HTTP/1.1 GET http://localhost:5137/api/connectors/health - 401 0 null 0.589ms
2025-08-23 15:46:34.640 +01:00 [WRN] The property 'ConnectorConfiguration.Settings' is a collection or enumeration type with a value converter but with no value comparer. Set a value comparer to ensure the collection/enumeration elements are compared correctly.
2025-08-23 15:46:34.672 +01:00 [WRN] The property 'Company.ExternalRefs' is a collection or enumeration type with a value converter but with no value comparer. Set a value comparer to ensure the collection/enumeration elements are compared correctly.
2025-08-23 15:46:34.673 +01:00 [WRN] The property 'Company.Tags' is a collection or enumeration type with a value converter but with no value comparer. Set a value comparer to ensure the collection/enumeration elements are compared correctly.
2025-08-23 15:46:34.673 +01:00 [WRN] The property 'Machine.CurrentMetrics' is a collection or enumeration type with a value converter but with no value comparer. Set a value comparer to ensure the collection/enumeration elements are compared correctly.
2025-08-23 15:46:34.673 +01:00 [WRN] The property 'Machine.ExternalRefs' is a collection or enumeration type with a value converter but with no value comparer. Set a value comparer to ensure the collection/enumeration elements are compared correctly.
2025-08-23 15:46:34.673 +01:00 [WRN] The property 'Machine.Tags' is a collection or enumeration type with a value converter but with no value comparer. Set a value comparer to ensure the collection/enumeration elements are compared correctly.
2025-08-23 15:46:34.673 +01:00 [WRN] The property 'Product.Attributes' is a collection or enumeration type with a value converter but with no value comparer. Set a value comparer to ensure the collection/enumeration elements are compared correctly.
2025-08-23 15:46:34.674 +01:00 [WRN] The property 'Product.ExternalRefs' is a collection or enumeration type with a value converter but with no value comparer. Set a value comparer to ensure the collection/enumeration elements are compared correctly.
2025-08-23 15:46:34.677 +01:00 [WRN] The property 'Product.Tags' is a collection or enumeration type with a value converter but with no value comparer. Set a value comparer to ensure the collection/enumeration elements are compared correctly.
2025-08-23 15:46:34.677 +01:00 [WRN] The property 'Site.ExternalRefs' is a collection or enumeration type with a value converter but with no value comparer. Set a value comparer to ensure the collection/enumeration elements are compared correctly.
2025-08-23 15:46:34.677 +01:00 [WRN] The property 'Site.Tags' is a collection or enumeration type with a value converter but with no value comparer. Set a value comparer to ensure the collection/enumeration elements are compared correctly.
2025-08-23 15:46:34.813 +01:00 [INF] Executed DbCommand (8ms) [Parameters=[], CommandType='"Text"', CommandTimeout='30']
SELECT COUNT(*) FROM "sqlite_master" WHERE "type" = 'table' AND "rootpage" IS NOT NULL;
2025-08-23 15:46:34.934 +01:00 [INF] Executed DbCommand (0ms) [Parameters=[], CommandType='"Text"', CommandTimeout='30']
SELECT EXISTS (
    SELECT 1
    FROM "Companies" AS "c")
2025-08-23 15:46:34.938 +01:00 [INF] Starting MAK3R API
2025-08-23 15:46:34.950 +01:00 [INF] User profile is available. Using 'C:\Users\revanur\AppData\Local\ASP.NET\DataProtection-Keys' as key repository and Windows DPAPI to encrypt keys at rest.
2025-08-23 15:46:34.966 +01:00 [INF] Connector hosted service started
2025-08-23 15:46:35.060 +01:00 [INF] Now listening on: http://localhost:5137
2025-08-23 15:46:35.060 +01:00 [INF] Application started. Press Ctrl+C to shut down.
2025-08-23 15:46:35.060 +01:00 [INF] Hosting environment: Development
2025-08-23 15:46:35.060 +01:00 [INF] Content root path: C:\code\MAK3R-Cluster\services\MAK3R.Api
2025-08-23 15:53:24.997 +01:00 [INF] Request starting HTTP/1.1 GET http://localhost:5137/api/demo/contoso-gears - null null
2025-08-23 15:53:25.057 +01:00 [INF] CORS policy execution successful.
2025-08-23 15:53:25.075 +01:00 [INF] Executing endpoint 'HTTP: GET /api/demo/contoso-gears'
2025-08-23 15:53:25.079 +01:00 [INF] Setting HTTP status code 200.
2025-08-23 15:53:25.079 +01:00 [INF] Writing value of type 'OnboardingWizardDto' as Json.
2025-08-23 15:53:25.086 +01:00 [INF] Executed endpoint 'HTTP: GET /api/demo/contoso-gears'
2025-08-23 15:53:25.087 +01:00 [INF] Request finished HTTP/1.1 GET http://localhost:5137/api/demo/contoso-gears - 200 null application/json; charset=utf-8 91.2158ms
